<?xml version="1.0" encoding="UTF-8"?>
<!-- Generated by org.testng.reporters.JUnitReportReporter -->
<testsuite hostname="DESKTOP-3JBVVE7" failures="0" tests="1" name="POSAutomationFramework.POSAutomationFramework.Sample2" time="4.951" errors="0" timestamp="28 Apr 2023 16:28:50 GMT" skipped="0">
  <testcase classname="POSAutomationFramework.POSAutomationFramework.Sample2" name="insta_001" time="4.951"/>
</testsuite> <!-- POSAutomationFramework.POSAutomationFramework.Sample2 -->
