<?xml version="1.0" encoding="UTF-8"?>
<!-- Generated by org.testng.reporters.JUnitReportReporter -->
<testsuite hostname="DESKTOP-3JBVVE7" failures="0" tests="4" name="com.amz.test.C" time="23.067" errors="0" timestamp="02 May 2023 17:14:58 GMT" skipped="0">
  <testcase classname="com.amz.test.C" name="LoginTC" time="6.073"/>
  <testcase classname="com.amz.test.C" name="LoginTC" time="5.341"/>
  <testcase classname="com.amz.test.C" name="LoginTC" time="5.139"/>
  <testcase classname="com.amz.test.C" name="LoginTC" time="6.514"/>
</testsuite> <!-- com.amz.test.C -->
