<?xml version="1.0" encoding="UTF-8"?>
<!-- Generated by org.testng.reporters.JUnitReportReporter -->
<testsuite hostname="DESKTOP-3JBVVE7" failures="0" tests="2" name="com.amz.test.B" time="0.004" errors="0" timestamp="30 Apr 2023 15:47:22 GMT" skipped="0">
  <testcase classname="com.amz.test.B" name="TC_004" time="0.002"/>
  <testcase classname="com.amz.test.B" name="TC_009" time="0.002"/>
</testsuite> <!-- com.amz.test.B -->
