<?xml version="1.0" encoding="UTF-8"?>
<!-- Generated by org.testng.reporters.JUnitReportReporter -->
<testsuite hostname="DESKTOP-3JBVVE7" failures="0" tests="3" name="POSAutomationFramework.POSAutomationFramework.Sample" time="22.927" errors="0" timestamp="28 Apr 2023 16:28:50 GMT" skipped="0">
  <testcase classname="POSAutomationFramework.POSAutomationFramework.Sample" name="amazon_002" time="12.424"/>
  <testcase classname="POSAutomationFramework.POSAutomationFramework.Sample" name="facebook_003" time="4.982"/>
  <testcase classname="POSAutomationFramework.POSAutomationFramework.Sample" name="google_001" time="5.521"/>
</testsuite> <!-- POSAutomationFramework.POSAutomationFramework.Sample -->
