<?xml version="1.0" encoding="UTF-8"?>
<!-- Generated by org.testng.reporters.JUnitReportReporter -->
<testsuite hostname="DESKTOP-3JBVVE7" failures="0" tests="9" name="com.amz.test.A" time="0.051" errors="0" timestamp="01 May 2023 09:07:26 GMT" skipped="0">
  <testcase classname="com.amz.test.A" name="TC_001" time="0.022"/>
  <testcase classname="com.amz.test.A" name="TC_003" time="0.002"/>
  <testcase classname="com.amz.test.A" name="TC_006" time="0.004"/>
  <testcase classname="com.amz.test.A" name="TC_007" time="0.004"/>
  <testcase classname="com.amz.test.A" name="TC_009" time="0.002"/>
  <testcase classname="com.amz.test.A" name="TC_005" time="0.002"/>
  <testcase classname="com.amz.test.A" name="TC_008" time="0.002"/>
  <testcase classname="com.amz.test.A" name="TC_004" time="0.006"/>
  <testcase classname="com.amz.test.A" name="TC_002" time="0.007"/>
</testsuite> <!-- com.amz.test.A -->
