<?xml version="1.0" encoding="UTF-8"?>
<!-- Generated by org.testng.reporters.JUnitReportReporter -->
<testsuite hostname="DESKTOP-3JBVVE7" failures="0" tests="4" name="com.amz.page.D" time="0.073" errors="0" timestamp="02 May 2023 17:13:34 GMT" skipped="0">
  <testcase classname="com.amz.page.D" name="TC_003" time="0.013"/>
  <testcase classname="com.amz.page.D" name="TC_001" time="0.024"/>
  <testcase classname="com.amz.page.D" name="TC_004" time="0.005"/>
  <testcase classname="com.amz.page.D" name="TC_002" time="0.031"/>
</testsuite> <!-- com.amz.page.D -->
